-------------------------------------------------------------------------------
Test set: com.ProyectoAP.ProyectoAP.ProyectoApApplicationTests
-------------------------------------------------------------------------------
Tests run: 1, Failures: 0, Errors: 1, Skipped: 0, Time elapsed: 15.774 s <<< FAILURE! - in com.ProyectoAP.ProyectoAP.ProyectoApApplicationTests
contextLoads  Time elapsed: 0.003 s  <<< ERROR!
java.lang.IllegalStateException: Failed to load ApplicationContext
Caused by: org.springframework.beans.factory.UnsatisfiedDependencyException: Error creating bean with name 'authController': Unsatisfied dependency expressed through field 'passwordEncoder'; nested exception is org.springframework.beans.factory.UnsatisfiedDependencyException: Error creating bean with name 'mainSecurity': Unsatisfied dependency expressed through field 'userDetailsServiceImpl'; nested exception is org.springframework.beans.factory.UnsatisfiedDependencyException: Error creating bean with name 'userDetailsImpl': Unsatisfied dependency expressed through field 'usuarioService'; nested exception is org.springframework.beans.factory.UnsatisfiedDependencyException: Error creating bean with name 'usuarioService': Unsatisfied dependency expressed through field 'iusuarioRepository'; nested exception is org.springframework.beans.factory.BeanCreationException: Error creating bean with name 'iUsuarioRepository' defined in com.ProyectoAP.ProyectoAP.Security.Repository.iUsuarioRepository defined in @EnableJpaRepositories declared on JpaRepositoriesRegistrar.EnableJpaRepositoriesConfiguration: Invocation of init method failed; nested exception is org.springframework.data.repository.query.QueryCreationException: Could not create query for public abstract boolean com.ProyectoAP.ProyectoAP.Security.Repository.iUsuarioRepository.existByNombreUsuario(java.lang.String)! Reason: Failed to create query for method public abstract boolean com.ProyectoAP.ProyectoAP.Security.Repository.iUsuarioRepository.existByNombreUsuario(java.lang.String)! No property 'existByNombreUsuario' found for type 'Usuario'!; nested exception is java.lang.IllegalArgumentException: Failed to create query for method public abstract boolean com.ProyectoAP.ProyectoAP.Security.Repository.iUsuarioRepository.existByNombreUsuario(java.lang.String)! No property 'existByNombreUsuario' found for type 'Usuario'!
Caused by: org.springframework.beans.factory.UnsatisfiedDependencyException: Error creating bean with name 'mainSecurity': Unsatisfied dependency expressed through field 'userDetailsServiceImpl'; nested exception is org.springframework.beans.factory.UnsatisfiedDependencyException: Error creating bean with name 'userDetailsImpl': Unsatisfied dependency expressed through field 'usuarioService'; nested exception is org.springframework.beans.factory.UnsatisfiedDependencyException: Error creating bean with name 'usuarioService': Unsatisfied dependency expressed through field 'iusuarioRepository'; nested exception is org.springframework.beans.factory.BeanCreationException: Error creating bean with name 'iUsuarioRepository' defined in com.ProyectoAP.ProyectoAP.Security.Repository.iUsuarioRepository defined in @EnableJpaRepositories declared on JpaRepositoriesRegistrar.EnableJpaRepositoriesConfiguration: Invocation of init method failed; nested exception is org.springframework.data.repository.query.QueryCreationException: Could not create query for public abstract boolean com.ProyectoAP.ProyectoAP.Security.Repository.iUsuarioRepository.existByNombreUsuario(java.lang.String)! Reason: Failed to create query for method public abstract boolean com.ProyectoAP.ProyectoAP.Security.Repository.iUsuarioRepository.existByNombreUsuario(java.lang.String)! No property 'existByNombreUsuario' found for type 'Usuario'!; nested exception is java.lang.IllegalArgumentException: Failed to create query for method public abstract boolean com.ProyectoAP.ProyectoAP.Security.Repository.iUsuarioRepository.existByNombreUsuario(java.lang.String)! No property 'existByNombreUsuario' found for type 'Usuario'!
Caused by: org.springframework.beans.factory.UnsatisfiedDependencyException: Error creating bean with name 'userDetailsImpl': Unsatisfied dependency expressed through field 'usuarioService'; nested exception is org.springframework.beans.factory.UnsatisfiedDependencyException: Error creating bean with name 'usuarioService': Unsatisfied dependency expressed through field 'iusuarioRepository'; nested exception is org.springframework.beans.factory.BeanCreationException: Error creating bean with name 'iUsuarioRepository' defined in com.ProyectoAP.ProyectoAP.Security.Repository.iUsuarioRepository defined in @EnableJpaRepositories declared on JpaRepositoriesRegistrar.EnableJpaRepositoriesConfiguration: Invocation of init method failed; nested exception is org.springframework.data.repository.query.QueryCreationException: Could not create query for public abstract boolean com.ProyectoAP.ProyectoAP.Security.Repository.iUsuarioRepository.existByNombreUsuario(java.lang.String)! Reason: Failed to create query for method public abstract boolean com.ProyectoAP.ProyectoAP.Security.Repository.iUsuarioRepository.existByNombreUsuario(java.lang.String)! No property 'existByNombreUsuario' found for type 'Usuario'!; nested exception is java.lang.IllegalArgumentException: Failed to create query for method public abstract boolean com.ProyectoAP.ProyectoAP.Security.Repository.iUsuarioRepository.existByNombreUsuario(java.lang.String)! No property 'existByNombreUsuario' found for type 'Usuario'!
Caused by: org.springframework.beans.factory.UnsatisfiedDependencyException: Error creating bean with name 'usuarioService': Unsatisfied dependency expressed through field 'iusuarioRepository'; nested exception is org.springframework.beans.factory.BeanCreationException: Error creating bean with name 'iUsuarioRepository' defined in com.ProyectoAP.ProyectoAP.Security.Repository.iUsuarioRepository defined in @EnableJpaRepositories declared on JpaRepositoriesRegistrar.EnableJpaRepositoriesConfiguration: Invocation of init method failed; nested exception is org.springframework.data.repository.query.QueryCreationException: Could not create query for public abstract boolean com.ProyectoAP.ProyectoAP.Security.Repository.iUsuarioRepository.existByNombreUsuario(java.lang.String)! Reason: Failed to create query for method public abstract boolean com.ProyectoAP.ProyectoAP.Security.Repository.iUsuarioRepository.existByNombreUsuario(java.lang.String)! No property 'existByNombreUsuario' found for type 'Usuario'!; nested exception is java.lang.IllegalArgumentException: Failed to create query for method public abstract boolean com.ProyectoAP.ProyectoAP.Security.Repository.iUsuarioRepository.existByNombreUsuario(java.lang.String)! No property 'existByNombreUsuario' found for type 'Usuario'!
Caused by: org.springframework.beans.factory.BeanCreationException: Error creating bean with name 'iUsuarioRepository' defined in com.ProyectoAP.ProyectoAP.Security.Repository.iUsuarioRepository defined in @EnableJpaRepositories declared on JpaRepositoriesRegistrar.EnableJpaRepositoriesConfiguration: Invocation of init method failed; nested exception is org.springframework.data.repository.query.QueryCreationException: Could not create query for public abstract boolean com.ProyectoAP.ProyectoAP.Security.Repository.iUsuarioRepository.existByNombreUsuario(java.lang.String)! Reason: Failed to create query for method public abstract boolean com.ProyectoAP.ProyectoAP.Security.Repository.iUsuarioRepository.existByNombreUsuario(java.lang.String)! No property 'existByNombreUsuario' found for type 'Usuario'!; nested exception is java.lang.IllegalArgumentException: Failed to create query for method public abstract boolean com.ProyectoAP.ProyectoAP.Security.Repository.iUsuarioRepository.existByNombreUsuario(java.lang.String)! No property 'existByNombreUsuario' found for type 'Usuario'!
Caused by: org.springframework.data.repository.query.QueryCreationException: Could not create query for public abstract boolean com.ProyectoAP.ProyectoAP.Security.Repository.iUsuarioRepository.existByNombreUsuario(java.lang.String)! Reason: Failed to create query for method public abstract boolean com.ProyectoAP.ProyectoAP.Security.Repository.iUsuarioRepository.existByNombreUsuario(java.lang.String)! No property 'existByNombreUsuario' found for type 'Usuario'!; nested exception is java.lang.IllegalArgumentException: Failed to create query for method public abstract boolean com.ProyectoAP.ProyectoAP.Security.Repository.iUsuarioRepository.existByNombreUsuario(java.lang.String)! No property 'existByNombreUsuario' found for type 'Usuario'!
Caused by: java.lang.IllegalArgumentException: Failed to create query for method public abstract boolean com.ProyectoAP.ProyectoAP.Security.Repository.iUsuarioRepository.existByNombreUsuario(java.lang.String)! No property 'existByNombreUsuario' found for type 'Usuario'!
Caused by: org.springframework.data.mapping.PropertyReferenceException: No property 'existByNombreUsuario' found for type 'Usuario'!

